<?xml version="1.0" encoding="UTF-8"?>
<testsuite xmlns:xsi="http://www.w3.org/2001/XMLSchema-instance" xsi:noNamespaceSchemaLocation="https://maven.apache.org/surefire/maven-surefire-plugin/xsd/surefire-test-report.xsd" name="com.practice.TestRedis" time="23.123" tests="1" errors="1" skipped="0" failures="0">
  <properties>
    <property name="sun.desktop" value="gnome"/>
    <property name="awt.toolkit" value="sun.awt.X11.XToolkit"/>
    <property name="file.encoding.pkg" value="sun.io"/>
    <property name="java.specification.version" value="1.8"/>
    <property name="sun.cpu.isalist" value=""/>
    <property name="sun.jnu.encoding" value="UTF-8"/>
    <property name="java.class.path" value="/home/yh/AOj/practice_hd/practice_hd/target/test-classes:/home/yh/AOj/practice_hd/practice_hd/target/classes:/home/yh/.m2/repository/org/springframework/boot/spring-boot-starter-web/2.7.0/spring-boot-starter-web-2.7.0.jar:/home/yh/.m2/repository/org/springframework/boot/spring-boot-starter/2.7.0/spring-boot-starter-2.7.0.jar:/home/yh/.m2/repository/org/springframework/boot/spring-boot/2.7.0/spring-boot-2.7.0.jar:/home/yh/.m2/repository/org/springframework/boot/spring-boot-starter-logging/2.7.0/spring-boot-starter-logging-2.7.0.jar:/home/yh/.m2/repository/ch/qos/logback/logback-classic/1.2.11/logback-classic-1.2.11.jar:/home/yh/.m2/repository/ch/qos/logback/logback-core/1.2.11/logback-core-1.2.11.jar:/home/yh/.m2/repository/org/apache/logging/log4j/log4j-to-slf4j/2.17.2/log4j-to-slf4j-2.17.2.jar:/home/yh/.m2/repository/org/apache/logging/log4j/log4j-api/2.17.2/log4j-api-2.17.2.jar:/home/yh/.m2/repository/org/slf4j/jul-to-slf4j/1.7.36/jul-to-slf4j-1.7.36.jar:/home/yh/.m2/repository/jakarta/annotation/jakarta.annotation-api/1.3.5/jakarta.annotation-api-1.3.5.jar:/home/yh/.m2/repository/org/yaml/snakeyaml/1.30/snakeyaml-1.30.jar:/home/yh/.m2/repository/org/springframework/boot/spring-boot-starter-json/2.7.0/spring-boot-starter-json-2.7.0.jar:/home/yh/.m2/repository/com/fasterxml/jackson/core/jackson-databind/2.13.3/jackson-databind-2.13.3.jar:/home/yh/.m2/repository/com/fasterxml/jackson/core/jackson-core/2.13.3/jackson-core-2.13.3.jar:/home/yh/.m2/repository/com/fasterxml/jackson/datatype/jackson-datatype-jdk8/2.13.3/jackson-datatype-jdk8-2.13.3.jar:/home/yh/.m2/repository/com/fasterxml/jackson/datatype/jackson-datatype-jsr310/2.13.3/jackson-datatype-jsr310-2.13.3.jar:/home/yh/.m2/repository/com/fasterxml/jackson/module/jackson-module-parameter-names/2.13.3/jackson-module-parameter-names-2.13.3.jar:/home/yh/.m2/repository/org/springframework/boot/spring-boot-starter-tomcat/2.7.0/spring-boot-starter-tomcat-2.7.0.jar:/home/yh/.m2/repository/org/apache/tomcat/embed/tomcat-embed-core/9.0.63/tomcat-embed-core-9.0.63.jar:/home/yh/.m2/repository/org/apache/tomcat/embed/tomcat-embed-el/9.0.63/tomcat-embed-el-9.0.63.jar:/home/yh/.m2/repository/org/apache/tomcat/embed/tomcat-embed-websocket/9.0.63/tomcat-embed-websocket-9.0.63.jar:/home/yh/.m2/repository/org/springframework/spring-web/5.3.20/spring-web-5.3.20.jar:/home/yh/.m2/repository/org/springframework/spring-beans/5.3.20/spring-beans-5.3.20.jar:/home/yh/.m2/repository/org/springframework/spring-webmvc/5.3.20/spring-webmvc-5.3.20.jar:/home/yh/.m2/repository/org/springframework/spring-context/5.3.20/spring-context-5.3.20.jar:/home/yh/.m2/repository/org/springframework/spring-expression/5.3.20/spring-expression-5.3.20.jar:/home/yh/.m2/repository/org/projectlombok/lombok/1.18.20/lombok-1.18.20.jar:/home/yh/.m2/repository/org/apache/velocity/velocity-engine-core/2.2/velocity-engine-core-2.2.jar:/home/yh/.m2/repository/org/apache/commons/commons-lang3/3.12.0/commons-lang3-3.12.0.jar:/home/yh/.m2/repository/org/slf4j/slf4j-api/1.7.36/slf4j-api-1.7.36.jar:/home/yh/.m2/repository/com/baomidou/mybatis-plus-boot-starter/3.5.2/mybatis-plus-boot-starter-3.5.2.jar:/home/yh/.m2/repository/com/baomidou/mybatis-plus/3.5.2/mybatis-plus-3.5.2.jar:/home/yh/.m2/repository/com/baomidou/mybatis-plus-extension/3.5.2/mybatis-plus-extension-3.5.2.jar:/home/yh/.m2/repository/com/baomidou/mybatis-plus-core/3.5.2/mybatis-plus-core-3.5.2.jar:/home/yh/.m2/repository/com/baomidou/mybatis-plus-annotation/3.5.2/mybatis-plus-annotation-3.5.2.jar:/home/yh/.m2/repository/com/github/jsqlparser/jsqlparser/4.4/jsqlparser-4.4.jar:/home/yh/.m2/repository/org/mybatis/mybatis/3.5.10/mybatis-3.5.10.jar:/home/yh/.m2/repository/org/mybatis/mybatis-spring/2.0.7/mybatis-spring-2.0.7.jar:/home/yh/.m2/repository/org/jetbrains/kotlin/kotlin-stdlib-jdk8/1.6.21/kotlin-stdlib-jdk8-1.6.21.jar:/home/yh/.m2/repository/org/jetbrains/kotlin/kotlin-stdlib/1.6.21/kotlin-stdlib-1.6.21.jar:/home/yh/.m2/repository/org/jetbrains/kotlin/kotlin-stdlib-common/1.6.21/kotlin-stdlib-common-1.6.21.jar:/home/yh/.m2/repository/org/jetbrains/annotations/13.0/annotations-13.0.jar:/home/yh/.m2/repository/org/jetbrains/kotlin/kotlin-stdlib-jdk7/1.6.21/kotlin-stdlib-jdk7-1.6.21.jar:/home/yh/.m2/repository/org/springframework/boot/spring-boot-autoconfigure/2.7.0/spring-boot-autoconfigure-2.7.0.jar:/home/yh/.m2/repository/org/springframework/boot/spring-boot-starter-jdbc/2.7.0/spring-boot-starter-jdbc-2.7.0.jar:/home/yh/.m2/repository/com/zaxxer/HikariCP/4.0.3/HikariCP-4.0.3.jar:/home/yh/.m2/repository/org/springframework/spring-jdbc/5.3.20/spring-jdbc-5.3.20.jar:/home/yh/.m2/repository/com/baomidou/mybatis-plus-generator/3.5.2/mybatis-plus-generator-3.5.2.jar:/home/yh/.m2/repository/org/freemarker/freemarker/2.3.31/freemarker-2.3.31.jar:/home/yh/.m2/repository/mysql/mysql-connector-java/8.0.29/mysql-connector-java-8.0.29.jar:/home/yh/.m2/repository/javax/validation/validation-api/2.0.1.Final/validation-api-2.0.1.Final.jar:/home/yh/.m2/repository/org/springframework/boot/spring-boot-starter-test/2.7.0/spring-boot-starter-test-2.7.0.jar:/home/yh/.m2/repository/org/springframework/boot/spring-boot-test/2.7.0/spring-boot-test-2.7.0.jar:/home/yh/.m2/repository/org/springframework/boot/spring-boot-test-autoconfigure/2.7.0/spring-boot-test-autoconfigure-2.7.0.jar:/home/yh/.m2/repository/com/jayway/jsonpath/json-path/2.7.0/json-path-2.7.0.jar:/home/yh/.m2/repository/net/minidev/json-smart/2.4.8/json-smart-2.4.8.jar:/home/yh/.m2/repository/net/minidev/accessors-smart/2.4.8/accessors-smart-2.4.8.jar:/home/yh/.m2/repository/org/ow2/asm/asm/9.1/asm-9.1.jar:/home/yh/.m2/repository/jakarta/xml/bind/jakarta.xml.bind-api/2.3.3/jakarta.xml.bind-api-2.3.3.jar:/home/yh/.m2/repository/jakarta/activation/jakarta.activation-api/1.2.2/jakarta.activation-api-1.2.2.jar:/home/yh/.m2/repository/org/assertj/assertj-core/3.22.0/assertj-core-3.22.0.jar:/home/yh/.m2/repository/org/hamcrest/hamcrest/2.2/hamcrest-2.2.jar:/home/yh/.m2/repository/org/junit/jupiter/junit-jupiter/5.8.2/junit-jupiter-5.8.2.jar:/home/yh/.m2/repository/org/junit/jupiter/junit-jupiter-api/5.8.2/junit-jupiter-api-5.8.2.jar:/home/yh/.m2/repository/org/opentest4j/opentest4j/1.2.0/opentest4j-1.2.0.jar:/home/yh/.m2/repository/org/junit/platform/junit-platform-commons/1.8.2/junit-platform-commons-1.8.2.jar:/home/yh/.m2/repository/org/apiguardian/apiguardian-api/1.1.2/apiguardian-api-1.1.2.jar:/home/yh/.m2/repository/org/junit/jupiter/junit-jupiter-params/5.8.2/junit-jupiter-params-5.8.2.jar:/home/yh/.m2/repository/org/junit/jupiter/junit-jupiter-engine/5.8.2/junit-jupiter-engine-5.8.2.jar:/home/yh/.m2/repository/org/junit/platform/junit-platform-engine/1.8.2/junit-platform-engine-1.8.2.jar:/home/yh/.m2/repository/org/mockito/mockito-core/4.5.1/mockito-core-4.5.1.jar:/home/yh/.m2/repository/net/bytebuddy/byte-buddy/1.12.10/byte-buddy-1.12.10.jar:/home/yh/.m2/repository/net/bytebuddy/byte-buddy-agent/1.12.10/byte-buddy-agent-1.12.10.jar:/home/yh/.m2/repository/org/objenesis/objenesis/3.2/objenesis-3.2.jar:/home/yh/.m2/repository/org/mockito/mockito-junit-jupiter/4.5.1/mockito-junit-jupiter-4.5.1.jar:/home/yh/.m2/repository/org/skyscreamer/jsonassert/1.5.0/jsonassert-1.5.0.jar:/home/yh/.m2/repository/com/vaadin/external/google/android-json/0.0.20131108.vaadin1/android-json-0.0.20131108.vaadin1.jar:/home/yh/.m2/repository/org/springframework/spring-core/5.3.20/spring-core-5.3.20.jar:/home/yh/.m2/repository/org/springframework/spring-jcl/5.3.20/spring-jcl-5.3.20.jar:/home/yh/.m2/repository/org/springframework/spring-test/5.3.20/spring-test-5.3.20.jar:/home/yh/.m2/repository/org/xmlunit/xmlunit-core/2.9.0/xmlunit-core-2.9.0.jar:/home/yh/.m2/repository/io/springfox/springfox-swagger2/2.9.2/springfox-swagger2-2.9.2.jar:/home/yh/.m2/repository/io/swagger/swagger-annotations/1.5.20/swagger-annotations-1.5.20.jar:/home/yh/.m2/repository/io/swagger/swagger-models/1.5.20/swagger-models-1.5.20.jar:/home/yh/.m2/repository/com/fasterxml/jackson/core/jackson-annotations/2.13.3/jackson-annotations-2.13.3.jar:/home/yh/.m2/repository/io/springfox/springfox-spi/2.9.2/springfox-spi-2.9.2.jar:/home/yh/.m2/repository/io/springfox/springfox-core/2.9.2/springfox-core-2.9.2.jar:/home/yh/.m2/repository/io/springfox/springfox-schema/2.9.2/springfox-schema-2.9.2.jar:/home/yh/.m2/repository/io/springfox/springfox-swagger-common/2.9.2/springfox-swagger-common-2.9.2.jar:/home/yh/.m2/repository/io/springfox/springfox-spring-web/2.9.2/springfox-spring-web-2.9.2.jar:/home/yh/.m2/repository/com/google/guava/guava/20.0/guava-20.0.jar:/home/yh/.m2/repository/com/fasterxml/classmate/1.5.1/classmate-1.5.1.jar:/home/yh/.m2/repository/org/springframework/plugin/spring-plugin-core/1.2.0.RELEASE/spring-plugin-core-1.2.0.RELEASE.jar:/home/yh/.m2/repository/org/springframework/plugin/spring-plugin-metadata/1.2.0.RELEASE/spring-plugin-metadata-1.2.0.RELEASE.jar:/home/yh/.m2/repository/org/mapstruct/mapstruct/1.2.0.Final/mapstruct-1.2.0.Final.jar:/home/yh/.m2/repository/org/springframework/boot/spring-boot-starter-mail/2.7.0/spring-boot-starter-mail-2.7.0.jar:/home/yh/.m2/repository/org/springframework/spring-context-support/5.3.20/spring-context-support-5.3.20.jar:/home/yh/.m2/repository/com/sun/mail/jakarta.mail/1.6.7/jakarta.mail-1.6.7.jar:/home/yh/.m2/repository/com/sun/activation/jakarta.activation/1.2.2/jakarta.activation-1.2.2.jar:/home/yh/.m2/repository/org/springframework/boot/spring-boot-starter-data-redis/2.7.0/spring-boot-starter-data-redis-2.7.0.jar:/home/yh/.m2/repository/org/springframework/data/spring-data-redis/2.7.0/spring-data-redis-2.7.0.jar:/home/yh/.m2/repository/org/springframework/data/spring-data-keyvalue/2.7.0/spring-data-keyvalue-2.7.0.jar:/home/yh/.m2/repository/org/springframework/data/spring-data-commons/2.7.0/spring-data-commons-2.7.0.jar:/home/yh/.m2/repository/org/springframework/spring-tx/5.3.20/spring-tx-5.3.20.jar:/home/yh/.m2/repository/org/springframework/spring-oxm/5.3.20/spring-oxm-5.3.20.jar:/home/yh/.m2/repository/io/lettuce/lettuce-core/6.1.8.RELEASE/lettuce-core-6.1.8.RELEASE.jar:/home/yh/.m2/repository/io/netty/netty-common/4.1.77.Final/netty-common-4.1.77.Final.jar:/home/yh/.m2/repository/io/netty/netty-handler/4.1.77.Final/netty-handler-4.1.77.Final.jar:/home/yh/.m2/repository/io/netty/netty-resolver/4.1.77.Final/netty-resolver-4.1.77.Final.jar:/home/yh/.m2/repository/io/netty/netty-buffer/4.1.77.Final/netty-buffer-4.1.77.Final.jar:/home/yh/.m2/repository/io/netty/netty-codec/4.1.77.Final/netty-codec-4.1.77.Final.jar:/home/yh/.m2/repository/io/netty/netty-transport/4.1.77.Final/netty-transport-4.1.77.Final.jar:/home/yh/.m2/repository/io/projectreactor/reactor-core/3.4.18/reactor-core-3.4.18.jar:/home/yh/.m2/repository/org/reactivestreams/reactive-streams/1.0.3/reactive-streams-1.0.3.jar:/home/yh/.m2/repository/org/springframework/boot/spring-boot-starter-security/2.7.0/spring-boot-starter-security-2.7.0.jar:/home/yh/.m2/repository/org/springframework/spring-aop/5.3.20/spring-aop-5.3.20.jar:/home/yh/.m2/repository/org/springframework/security/spring-security-config/5.7.1/spring-security-config-5.7.1.jar:/home/yh/.m2/repository/org/springframework/security/spring-security-core/5.7.1/spring-security-core-5.7.1.jar:/home/yh/.m2/repository/org/springframework/security/spring-security-crypto/5.7.1/spring-security-crypto-5.7.1.jar:/home/yh/.m2/repository/org/springframework/security/spring-security-web/5.7.1/spring-security-web-5.7.1.jar:/home/yh/.m2/repository/com/alibaba/fastjson/1.2.68/fastjson-1.2.68.jar:/home/yh/.m2/repository/io/springfox/springfox-swagger-ui/2.9.2/springfox-swagger-ui-2.9.2.jar:/home/yh/.m2/repository/commons-codec/commons-codec/1.14/commons-codec-1.14.jar:"/>
    <property name="java.vm.vendor" value="Amazon.com Inc."/>
    <property name="sun.arch.data.model" value="64"/>
    <property name="java.vendor.url" value="https://aws.amazon.com/corretto/"/>
    <property name="user.timezone" value=""/>
    <property name="java.vm.specification.version" value="1.8"/>
    <property name="os.name" value="Linux"/>
    <property name="user.country" value="CN"/>
    <property name="sun.java.launcher" value="SUN_STANDARD"/>
    <property name="sun.boot.library.path" value="/home/yh/.jdks/corretto-1.8.0_302/jre/lib/amd64"/>
    <property name="sun.java.command" value="/home/yh/AOj/practice_hd/practice_hd/target/surefire/surefirebooter5767556640756554902.jar /home/yh/AOj/practice_hd/practice_hd/target/surefire 2022-06-09T12-00-13_481-jvmRun1 surefire89438775502609554tmp surefire_08358353917254994194tmp"/>
    <property name="surefire.test.class.path" value="/home/yh/AOj/practice_hd/practice_hd/target/test-classes:/home/yh/AOj/practice_hd/practice_hd/target/classes:/home/yh/.m2/repository/org/springframework/boot/spring-boot-starter-web/2.7.0/spring-boot-starter-web-2.7.0.jar:/home/yh/.m2/repository/org/springframework/boot/spring-boot-starter/2.7.0/spring-boot-starter-2.7.0.jar:/home/yh/.m2/repository/org/springframework/boot/spring-boot/2.7.0/spring-boot-2.7.0.jar:/home/yh/.m2/repository/org/springframework/boot/spring-boot-starter-logging/2.7.0/spring-boot-starter-logging-2.7.0.jar:/home/yh/.m2/repository/ch/qos/logback/logback-classic/1.2.11/logback-classic-1.2.11.jar:/home/yh/.m2/repository/ch/qos/logback/logback-core/1.2.11/logback-core-1.2.11.jar:/home/yh/.m2/repository/org/apache/logging/log4j/log4j-to-slf4j/2.17.2/log4j-to-slf4j-2.17.2.jar:/home/yh/.m2/repository/org/apache/logging/log4j/log4j-api/2.17.2/log4j-api-2.17.2.jar:/home/yh/.m2/repository/org/slf4j/jul-to-slf4j/1.7.36/jul-to-slf4j-1.7.36.jar:/home/yh/.m2/repository/jakarta/annotation/jakarta.annotation-api/1.3.5/jakarta.annotation-api-1.3.5.jar:/home/yh/.m2/repository/org/yaml/snakeyaml/1.30/snakeyaml-1.30.jar:/home/yh/.m2/repository/org/springframework/boot/spring-boot-starter-json/2.7.0/spring-boot-starter-json-2.7.0.jar:/home/yh/.m2/repository/com/fasterxml/jackson/core/jackson-databind/2.13.3/jackson-databind-2.13.3.jar:/home/yh/.m2/repository/com/fasterxml/jackson/core/jackson-core/2.13.3/jackson-core-2.13.3.jar:/home/yh/.m2/repository/com/fasterxml/jackson/datatype/jackson-datatype-jdk8/2.13.3/jackson-datatype-jdk8-2.13.3.jar:/home/yh/.m2/repository/com/fasterxml/jackson/datatype/jackson-datatype-jsr310/2.13.3/jackson-datatype-jsr310-2.13.3.jar:/home/yh/.m2/repository/com/fasterxml/jackson/module/jackson-module-parameter-names/2.13.3/jackson-module-parameter-names-2.13.3.jar:/home/yh/.m2/repository/org/springframework/boot/spring-boot-starter-tomcat/2.7.0/spring-boot-starter-tomcat-2.7.0.jar:/home/yh/.m2/repository/org/apache/tomcat/embed/tomcat-embed-core/9.0.63/tomcat-embed-core-9.0.63.jar:/home/yh/.m2/repository/org/apache/tomcat/embed/tomcat-embed-el/9.0.63/tomcat-embed-el-9.0.63.jar:/home/yh/.m2/repository/org/apache/tomcat/embed/tomcat-embed-websocket/9.0.63/tomcat-embed-websocket-9.0.63.jar:/home/yh/.m2/repository/org/springframework/spring-web/5.3.20/spring-web-5.3.20.jar:/home/yh/.m2/repository/org/springframework/spring-beans/5.3.20/spring-beans-5.3.20.jar:/home/yh/.m2/repository/org/springframework/spring-webmvc/5.3.20/spring-webmvc-5.3.20.jar:/home/yh/.m2/repository/org/springframework/spring-context/5.3.20/spring-context-5.3.20.jar:/home/yh/.m2/repository/org/springframework/spring-expression/5.3.20/spring-expression-5.3.20.jar:/home/yh/.m2/repository/org/projectlombok/lombok/1.18.20/lombok-1.18.20.jar:/home/yh/.m2/repository/org/apache/velocity/velocity-engine-core/2.2/velocity-engine-core-2.2.jar:/home/yh/.m2/repository/org/apache/commons/commons-lang3/3.12.0/commons-lang3-3.12.0.jar:/home/yh/.m2/repository/org/slf4j/slf4j-api/1.7.36/slf4j-api-1.7.36.jar:/home/yh/.m2/repository/com/baomidou/mybatis-plus-boot-starter/3.5.2/mybatis-plus-boot-starter-3.5.2.jar:/home/yh/.m2/repository/com/baomidou/mybatis-plus/3.5.2/mybatis-plus-3.5.2.jar:/home/yh/.m2/repository/com/baomidou/mybatis-plus-extension/3.5.2/mybatis-plus-extension-3.5.2.jar:/home/yh/.m2/repository/com/baomidou/mybatis-plus-core/3.5.2/mybatis-plus-core-3.5.2.jar:/home/yh/.m2/repository/com/baomidou/mybatis-plus-annotation/3.5.2/mybatis-plus-annotation-3.5.2.jar:/home/yh/.m2/repository/com/github/jsqlparser/jsqlparser/4.4/jsqlparser-4.4.jar:/home/yh/.m2/repository/org/mybatis/mybatis/3.5.10/mybatis-3.5.10.jar:/home/yh/.m2/repository/org/mybatis/mybatis-spring/2.0.7/mybatis-spring-2.0.7.jar:/home/yh/.m2/repository/org/jetbrains/kotlin/kotlin-stdlib-jdk8/1.6.21/kotlin-stdlib-jdk8-1.6.21.jar:/home/yh/.m2/repository/org/jetbrains/kotlin/kotlin-stdlib/1.6.21/kotlin-stdlib-1.6.21.jar:/home/yh/.m2/repository/org/jetbrains/kotlin/kotlin-stdlib-common/1.6.21/kotlin-stdlib-common-1.6.21.jar:/home/yh/.m2/repository/org/jetbrains/annotations/13.0/annotations-13.0.jar:/home/yh/.m2/repository/org/jetbrains/kotlin/kotlin-stdlib-jdk7/1.6.21/kotlin-stdlib-jdk7-1.6.21.jar:/home/yh/.m2/repository/org/springframework/boot/spring-boot-autoconfigure/2.7.0/spring-boot-autoconfigure-2.7.0.jar:/home/yh/.m2/repository/org/springframework/boot/spring-boot-starter-jdbc/2.7.0/spring-boot-starter-jdbc-2.7.0.jar:/home/yh/.m2/repository/com/zaxxer/HikariCP/4.0.3/HikariCP-4.0.3.jar:/home/yh/.m2/repository/org/springframework/spring-jdbc/5.3.20/spring-jdbc-5.3.20.jar:/home/yh/.m2/repository/com/baomidou/mybatis-plus-generator/3.5.2/mybatis-plus-generator-3.5.2.jar:/home/yh/.m2/repository/org/freemarker/freemarker/2.3.31/freemarker-2.3.31.jar:/home/yh/.m2/repository/mysql/mysql-connector-java/8.0.29/mysql-connector-java-8.0.29.jar:/home/yh/.m2/repository/javax/validation/validation-api/2.0.1.Final/validation-api-2.0.1.Final.jar:/home/yh/.m2/repository/org/springframework/boot/spring-boot-starter-test/2.7.0/spring-boot-starter-test-2.7.0.jar:/home/yh/.m2/repository/org/springframework/boot/spring-boot-test/2.7.0/spring-boot-test-2.7.0.jar:/home/yh/.m2/repository/org/springframework/boot/spring-boot-test-autoconfigure/2.7.0/spring-boot-test-autoconfigure-2.7.0.jar:/home/yh/.m2/repository/com/jayway/jsonpath/json-path/2.7.0/json-path-2.7.0.jar:/home/yh/.m2/repository/net/minidev/json-smart/2.4.8/json-smart-2.4.8.jar:/home/yh/.m2/repository/net/minidev/accessors-smart/2.4.8/accessors-smart-2.4.8.jar:/home/yh/.m2/repository/org/ow2/asm/asm/9.1/asm-9.1.jar:/home/yh/.m2/repository/jakarta/xml/bind/jakarta.xml.bind-api/2.3.3/jakarta.xml.bind-api-2.3.3.jar:/home/yh/.m2/repository/jakarta/activation/jakarta.activation-api/1.2.2/jakarta.activation-api-1.2.2.jar:/home/yh/.m2/repository/org/assertj/assertj-core/3.22.0/assertj-core-3.22.0.jar:/home/yh/.m2/repository/org/hamcrest/hamcrest/2.2/hamcrest-2.2.jar:/home/yh/.m2/repository/org/junit/jupiter/junit-jupiter/5.8.2/junit-jupiter-5.8.2.jar:/home/yh/.m2/repository/org/junit/jupiter/junit-jupiter-api/5.8.2/junit-jupiter-api-5.8.2.jar:/home/yh/.m2/repository/org/opentest4j/opentest4j/1.2.0/opentest4j-1.2.0.jar:/home/yh/.m2/repository/org/junit/platform/junit-platform-commons/1.8.2/junit-platform-commons-1.8.2.jar:/home/yh/.m2/repository/org/apiguardian/apiguardian-api/1.1.2/apiguardian-api-1.1.2.jar:/home/yh/.m2/repository/org/junit/jupiter/junit-jupiter-params/5.8.2/junit-jupiter-params-5.8.2.jar:/home/yh/.m2/repository/org/junit/jupiter/junit-jupiter-engine/5.8.2/junit-jupiter-engine-5.8.2.jar:/home/yh/.m2/repository/org/junit/platform/junit-platform-engine/1.8.2/junit-platform-engine-1.8.2.jar:/home/yh/.m2/repository/org/mockito/mockito-core/4.5.1/mockito-core-4.5.1.jar:/home/yh/.m2/repository/net/bytebuddy/byte-buddy/1.12.10/byte-buddy-1.12.10.jar:/home/yh/.m2/repository/net/bytebuddy/byte-buddy-agent/1.12.10/byte-buddy-agent-1.12.10.jar:/home/yh/.m2/repository/org/objenesis/objenesis/3.2/objenesis-3.2.jar:/home/yh/.m2/repository/org/mockito/mockito-junit-jupiter/4.5.1/mockito-junit-jupiter-4.5.1.jar:/home/yh/.m2/repository/org/skyscreamer/jsonassert/1.5.0/jsonassert-1.5.0.jar:/home/yh/.m2/repository/com/vaadin/external/google/android-json/0.0.20131108.vaadin1/android-json-0.0.20131108.vaadin1.jar:/home/yh/.m2/repository/org/springframework/spring-core/5.3.20/spring-core-5.3.20.jar:/home/yh/.m2/repository/org/springframework/spring-jcl/5.3.20/spring-jcl-5.3.20.jar:/home/yh/.m2/repository/org/springframework/spring-test/5.3.20/spring-test-5.3.20.jar:/home/yh/.m2/repository/org/xmlunit/xmlunit-core/2.9.0/xmlunit-core-2.9.0.jar:/home/yh/.m2/repository/io/springfox/springfox-swagger2/2.9.2/springfox-swagger2-2.9.2.jar:/home/yh/.m2/repository/io/swagger/swagger-annotations/1.5.20/swagger-annotations-1.5.20.jar:/home/yh/.m2/repository/io/swagger/swagger-models/1.5.20/swagger-models-1.5.20.jar:/home/yh/.m2/repository/com/fasterxml/jackson/core/jackson-annotations/2.13.3/jackson-annotations-2.13.3.jar:/home/yh/.m2/repository/io/springfox/springfox-spi/2.9.2/springfox-spi-2.9.2.jar:/home/yh/.m2/repository/io/springfox/springfox-core/2.9.2/springfox-core-2.9.2.jar:/home/yh/.m2/repository/io/springfox/springfox-schema/2.9.2/springfox-schema-2.9.2.jar:/home/yh/.m2/repository/io/springfox/springfox-swagger-common/2.9.2/springfox-swagger-common-2.9.2.jar:/home/yh/.m2/repository/io/springfox/springfox-spring-web/2.9.2/springfox-spring-web-2.9.2.jar:/home/yh/.m2/repository/com/google/guava/guava/20.0/guava-20.0.jar:/home/yh/.m2/repository/com/fasterxml/classmate/1.5.1/classmate-1.5.1.jar:/home/yh/.m2/repository/org/springframework/plugin/spring-plugin-core/1.2.0.RELEASE/spring-plugin-core-1.2.0.RELEASE.jar:/home/yh/.m2/repository/org/springframework/plugin/spring-plugin-metadata/1.2.0.RELEASE/spring-plugin-metadata-1.2.0.RELEASE.jar:/home/yh/.m2/repository/org/mapstruct/mapstruct/1.2.0.Final/mapstruct-1.2.0.Final.jar:/home/yh/.m2/repository/org/springframework/boot/spring-boot-starter-mail/2.7.0/spring-boot-starter-mail-2.7.0.jar:/home/yh/.m2/repository/org/springframework/spring-context-support/5.3.20/spring-context-support-5.3.20.jar:/home/yh/.m2/repository/com/sun/mail/jakarta.mail/1.6.7/jakarta.mail-1.6.7.jar:/home/yh/.m2/repository/com/sun/activation/jakarta.activation/1.2.2/jakarta.activation-1.2.2.jar:/home/yh/.m2/repository/org/springframework/boot/spring-boot-starter-data-redis/2.7.0/spring-boot-starter-data-redis-2.7.0.jar:/home/yh/.m2/repository/org/springframework/data/spring-data-redis/2.7.0/spring-data-redis-2.7.0.jar:/home/yh/.m2/repository/org/springframework/data/spring-data-keyvalue/2.7.0/spring-data-keyvalue-2.7.0.jar:/home/yh/.m2/repository/org/springframework/data/spring-data-commons/2.7.0/spring-data-commons-2.7.0.jar:/home/yh/.m2/repository/org/springframework/spring-tx/5.3.20/spring-tx-5.3.20.jar:/home/yh/.m2/repository/org/springframework/spring-oxm/5.3.20/spring-oxm-5.3.20.jar:/home/yh/.m2/repository/io/lettuce/lettuce-core/6.1.8.RELEASE/lettuce-core-6.1.8.RELEASE.jar:/home/yh/.m2/repository/io/netty/netty-common/4.1.77.Final/netty-common-4.1.77.Final.jar:/home/yh/.m2/repository/io/netty/netty-handler/4.1.77.Final/netty-handler-4.1.77.Final.jar:/home/yh/.m2/repository/io/netty/netty-resolver/4.1.77.Final/netty-resolver-4.1.77.Final.jar:/home/yh/.m2/repository/io/netty/netty-buffer/4.1.77.Final/netty-buffer-4.1.77.Final.jar:/home/yh/.m2/repository/io/netty/netty-codec/4.1.77.Final/netty-codec-4.1.77.Final.jar:/home/yh/.m2/repository/io/netty/netty-transport/4.1.77.Final/netty-transport-4.1.77.Final.jar:/home/yh/.m2/repository/io/projectreactor/reactor-core/3.4.18/reactor-core-3.4.18.jar:/home/yh/.m2/repository/org/reactivestreams/reactive-streams/1.0.3/reactive-streams-1.0.3.jar:/home/yh/.m2/repository/org/springframework/boot/spring-boot-starter-security/2.7.0/spring-boot-starter-security-2.7.0.jar:/home/yh/.m2/repository/org/springframework/spring-aop/5.3.20/spring-aop-5.3.20.jar:/home/yh/.m2/repository/org/springframework/security/spring-security-config/5.7.1/spring-security-config-5.7.1.jar:/home/yh/.m2/repository/org/springframework/security/spring-security-core/5.7.1/spring-security-core-5.7.1.jar:/home/yh/.m2/repository/org/springframework/security/spring-security-crypto/5.7.1/spring-security-crypto-5.7.1.jar:/home/yh/.m2/repository/org/springframework/security/spring-security-web/5.7.1/spring-security-web-5.7.1.jar:/home/yh/.m2/repository/com/alibaba/fastjson/1.2.68/fastjson-1.2.68.jar:/home/yh/.m2/repository/io/springfox/springfox-swagger-ui/2.9.2/springfox-swagger-ui-2.9.2.jar:/home/yh/.m2/repository/commons-codec/commons-codec/1.14/commons-codec-1.14.jar:"/>
    <property name="sun.cpu.endian" value="little"/>
    <property name="user.home" value="/home/yh"/>
    <property name="user.language" value="zh"/>
    <property name="java.specification.vendor" value="Oracle Corporation"/>
    <property name="java.home" value="/home/yh/.jdks/corretto-1.8.0_302/jre"/>
    <property name="basedir" value="/home/yh/AOj/practice_hd/practice_hd"/>
    <property name="file.separator" value="/"/>
    <property name="line.separator" value="&#10;"/>
    <property name="java.vm.specification.vendor" value="Oracle Corporation"/>
    <property name="java.specification.name" value="Java Platform API Specification"/>
    <property name="java.awt.graphicsenv" value="sun.awt.X11GraphicsEnvironment"/>
    <property name="surefire.real.class.path" value="/home/yh/AOj/practice_hd/practice_hd/target/surefire/surefirebooter5767556640756554902.jar"/>
    <property name="sun.boot.class.path" value="/home/yh/.jdks/corretto-1.8.0_302/jre/lib/resources.jar:/home/yh/.jdks/corretto-1.8.0_302/jre/lib/rt.jar:/home/yh/.jdks/corretto-1.8.0_302/jre/lib/sunrsasign.jar:/home/yh/.jdks/corretto-1.8.0_302/jre/lib/jsse.jar:/home/yh/.jdks/corretto-1.8.0_302/jre/lib/jce.jar:/home/yh/.jdks/corretto-1.8.0_302/jre/lib/charsets.jar:/home/yh/.jdks/corretto-1.8.0_302/jre/lib/jfr.jar:/home/yh/.jdks/corretto-1.8.0_302/jre/classes"/>
    <property name="sun.management.compiler" value="HotSpot 64-Bit Tiered Compilers"/>
    <property name="java.runtime.version" value="1.8.0_302-b08"/>
    <property name="user.name" value="yh"/>
    <property name="path.separator" value=":"/>
    <property name="os.version" value="5.13.0-40-generic"/>
    <property name="java.endorsed.dirs" value="/home/yh/.jdks/corretto-1.8.0_302/jre/lib/endorsed"/>
    <property name="java.runtime.name" value="OpenJDK Runtime Environment"/>
    <property name="file.encoding" value="UTF-8"/>
    <property name="java.vm.name" value="OpenJDK 64-Bit Server VM"/>
    <property name="localRepository" value="/home/yh/.m2/repository"/>
    <property name="java.vendor.url.bug" value="https://github.com/corretto/corretto-8/issues/"/>
    <property name="java.io.tmpdir" value="/tmp"/>
    <property name="idea.version" value="2021.1"/>
    <property name="java.version" value="1.8.0_302"/>
    <property name="user.dir" value="/home/yh/AOj/practice_hd/practice_hd"/>
    <property name="os.arch" value="amd64"/>
    <property name="java.vm.specification.name" value="Java Virtual Machine Specification"/>
    <property name="java.awt.printerjob" value="sun.print.PSPrinterJob"/>
    <property name="sun.os.patch.level" value="unknown"/>
    <property name="java.library.path" value="/usr/java/packages/lib/amd64:/usr/lib64:/lib64:/lib:/usr/lib"/>
    <property name="java.vm.info" value="mixed mode"/>
    <property name="java.vendor" value="Amazon.com Inc."/>
    <property name="java.vm.version" value="25.302-b08"/>
    <property name="java.ext.dirs" value="/home/yh/.jdks/corretto-1.8.0_302/jre/lib/ext:/usr/java/packages/lib/ext"/>
    <property name="sun.io.unicode.encoding" value="UnicodeLittle"/>
    <property name="java.class.version" value="52.0"/>
  </properties>
  <testcase name="Test" classname="com.practice.TestRedis" time="2.631">
    <error type="java.lang.NullPointerException">java.lang.NullPointerException
	at com.practice.TestRedis.Test(TestRedis.java:28)
</error>
    <system-out><![CDATA[12:00:16.814 [main] DEBUG org.springframework.test.context.BootstrapUtils - Instantiating CacheAwareContextLoaderDelegate from class [org.springframework.test.context.cache.DefaultCacheAwareContextLoaderDelegate]
12:00:16.845 [main] DEBUG org.springframework.test.context.BootstrapUtils - Instantiating BootstrapContext using constructor [public org.springframework.test.context.support.DefaultBootstrapContext(java.lang.Class,org.springframework.test.context.CacheAwareContextLoaderDelegate)]
12:00:16.965 [main] DEBUG org.springframework.test.context.BootstrapUtils - Instantiating TestContextBootstrapper for test class [com.practice.TestRedis] from class [org.springframework.boot.test.context.SpringBootTestContextBootstrapper]
12:00:16.999 [main] INFO org.springframework.boot.test.context.SpringBootTestContextBootstrapper - Neither @ContextConfiguration nor @ContextHierarchy found for test class [com.practice.TestRedis], using SpringBootContextLoader
12:00:17.011 [main] DEBUG org.springframework.test.context.support.AbstractContextLoader - Did not detect default resource location for test class [com.practice.TestRedis]: class path resource [com/practice/TestRedis-context.xml] does not exist
12:00:17.013 [main] DEBUG org.springframework.test.context.support.AbstractContextLoader - Did not detect default resource location for test class [com.practice.TestRedis]: class path resource [com/practice/TestRedisContext.groovy] does not exist
12:00:17.014 [main] INFO org.springframework.test.context.support.AbstractContextLoader - Could not detect default resource locations for test class [com.practice.TestRedis]: no resource found for suffixes {-context.xml, Context.groovy}.
12:00:17.017 [main] INFO org.springframework.test.context.support.AnnotationConfigContextLoaderUtils - Could not detect default configuration classes for test class [com.practice.TestRedis]: TestRedis does not declare any static, non-private, non-final, nested classes annotated with @Configuration.
12:00:17.245 [main] DEBUG org.springframework.test.context.support.ActiveProfilesUtils - Could not find an 'annotation declaring class' for annotation type [org.springframework.test.context.ActiveProfiles] and class [com.practice.TestRedis]
12:00:17.454 [main] DEBUG org.springframework.context.annotation.ClassPathScanningCandidateComponentProvider - Identified candidate component class: file [/home/yh/AOj/practice_hd/practice_hd/target/classes/com/practice/PracticeApplication.class]
12:00:17.461 [main] INFO org.springframework.boot.test.context.SpringBootTestContextBootstrapper - Found @SpringBootConfiguration com.practice.PracticeApplication for test class com.practice.TestRedis
12:00:17.820 [main] DEBUG org.springframework.boot.test.context.SpringBootTestContextBootstrapper - @TestExecutionListeners is not present for class [com.practice.TestRedis]: using defaults.
12:00:17.822 [main] INFO org.springframework.boot.test.context.SpringBootTestContextBootstrapper - Loaded default TestExecutionListener class names from location [META-INF/spring.factories]: [org.springframework.boot.test.mock.mockito.MockitoTestExecutionListener, org.springframework.boot.test.mock.mockito.ResetMocksTestExecutionListener, org.springframework.boot.test.autoconfigure.restdocs.RestDocsTestExecutionListener, org.springframework.boot.test.autoconfigure.web.client.MockRestServiceServerResetTestExecutionListener, org.springframework.boot.test.autoconfigure.web.servlet.MockMvcPrintOnlyOnFailureTestExecutionListener, org.springframework.boot.test.autoconfigure.web.servlet.WebDriverTestExecutionListener, org.springframework.boot.test.autoconfigure.webservices.client.MockWebServiceServerTestExecutionListener, org.springframework.test.context.web.ServletTestExecutionListener, org.springframework.test.context.support.DirtiesContextBeforeModesTestExecutionListener, org.springframework.test.context.event.ApplicationEventsTestExecutionListener, org.springframework.test.context.support.DependencyInjectionTestExecutionListener, org.springframework.test.context.support.DirtiesContextTestExecutionListener, org.springframework.test.context.transaction.TransactionalTestExecutionListener, org.springframework.test.context.jdbc.SqlScriptsTestExecutionListener, org.springframework.test.context.event.EventPublishingTestExecutionListener]
12:00:17.908 [main] INFO org.springframework.boot.test.context.SpringBootTestContextBootstrapper - Using TestExecutionListeners: [org.springframework.test.context.web.ServletTestExecutionListener@1a75e76a, org.springframework.test.context.support.DirtiesContextBeforeModesTestExecutionListener@5524cca1, org.springframework.test.context.event.ApplicationEventsTestExecutionListener@5032714f, org.springframework.boot.test.mock.mockito.MockitoTestExecutionListener@48bb62, org.springframework.boot.test.autoconfigure.SpringBootDependencyInjectionTestExecutionListener@353352b6, org.springframework.test.context.support.DirtiesContextTestExecutionListener@4681c175, org.springframework.test.context.transaction.TransactionalTestExecutionListener@57a78e3, org.springframework.test.context.jdbc.SqlScriptsTestExecutionListener@402c4085, org.springframework.test.context.event.EventPublishingTestExecutionListener@6fa51cd4, org.springframework.boot.test.mock.mockito.ResetMocksTestExecutionListener@2767e23c, org.springframework.boot.test.autoconfigure.restdocs.RestDocsTestExecutionListener@710c2b53, org.springframework.boot.test.autoconfigure.web.client.MockRestServiceServerResetTestExecutionListener@5386659f, org.springframework.boot.test.autoconfigure.web.servlet.MockMvcPrintOnlyOnFailureTestExecutionListener@14028087, org.springframework.boot.test.autoconfigure.web.servlet.WebDriverTestExecutionListener@cecf639, org.springframework.boot.test.autoconfigure.webservices.client.MockWebServiceServerTestExecutionListener@1caa0244]
12:00:17.920 [main] DEBUG org.springframework.test.context.support.AbstractDirtiesContextTestExecutionListener - Before test class: context [DefaultTestContext@3e08ff24 testClass = TestRedis, testInstance = [null], testMethod = [null], testException = [null], mergedContextConfiguration = [WebMergedContextConfiguration@4d1c005e testClass = TestRedis, locations = '{}', classes = '{class com.practice.PracticeApplication}', contextInitializerClasses = '[]', activeProfiles = '{}', propertySourceLocations = '{}', propertySourceProperties = '{org.springframework.boot.test.context.SpringBootTestContextBootstrapper=true}', contextCustomizers = set[org.springframework.boot.test.context.filter.ExcludeFilterContextCustomizer@333291e3, org.springframework.boot.test.json.DuplicateJsonObjectContextCustomizerFactory$DuplicateJsonObjectContextCustomizer@402bba4f, org.springframework.boot.test.mock.mockito.MockitoContextCustomizer@0, org.springframework.boot.test.web.client.TestRestTemplateContextCustomizer@7c729a55, org.springframework.boot.test.autoconfigure.actuate.metrics.MetricsExportContextCustomizerFactory$DisableMetricExportContextCustomizer@2e005c4b, org.springframework.boot.test.autoconfigure.properties.PropertyMappingContextCustomizer@0, org.springframework.boot.test.autoconfigure.web.servlet.WebDriverContextCustomizerFactory$Customizer@37afeb11, org.springframework.boot.test.context.SpringBootTestArgs@1, org.springframework.boot.test.context.SpringBootTestWebEnvironment@548b7f67], resourceBasePath = 'src/main/webapp', contextLoader = 'org.springframework.boot.test.context.SpringBootContextLoader', parent = [null]], attributes = map['org.springframework.test.context.web.ServletTestExecutionListener.activateListener' -> true]], class annotated with @DirtiesContext [false] with mode [null].

  .   ____          _            __ _ _
 /\\ / ___'_ __ _ _(_)_ __  __ _ \ \ \ \
( ( )\___ | '_ | '_| | '_ \/ _` | \ \ \ \
 \\/  ___)| |_)| | | | | || (_| |  ) ) ) )
  '  |____| .__|_| |_|_| |_\__, | / / / /
 =========|_|==============|___/=/_/_/_/
 :: Spring Boot ::                (v2.7.0)

2022-06-09 12:00:19.793  INFO 178497 --- [           main] com.practice.TestRedis                   : Starting TestRedis using Java 1.8.0_302 on yh with PID 178497 (started by yh in /home/yh/AOj/practice_hd/practice_hd)
2022-06-09 12:00:19.799  INFO 178497 --- [           main] com.practice.TestRedis                   : No active profile set, falling back to 1 default profile: "default"
2022-06-09 12:00:23.485  INFO 178497 --- [           main] .s.d.r.c.RepositoryConfigurationDelegate : Multiple Spring Data modules found, entering strict repository configuration mode!
2022-06-09 12:00:23.492  INFO 178497 --- [           main] .s.d.r.c.RepositoryConfigurationDelegate : Bootstrapping Spring Data Redis repositories in DEFAULT mode.
2022-06-09 12:00:23.603  INFO 178497 --- [           main] .s.d.r.c.RepositoryConfigurationDelegate : Finished Spring Data repository scanning in 72 ms. Found 0 Redis repository interfaces.
Logging initialized using 'class org.apache.ibatis.logging.stdout.StdOutImpl' adapter.
Registered plugin: 'com.baomidou.mybatisplus.extension.plugins.MybatisPlusInterceptor@7134b8a7'
Parsed mapper file: 'file [/home/yh/AOj/practice_hd/practice_hd/target/classes/mapper/UserMapper.xml]'
 _ _   |_  _ _|_. ___ _ |    _ 
| | |\/|_)(_| | |_\  |_)||_|_\ 
     /               |         
                        3.5.2 
2022-06-09 12:00:32.305  INFO 178497 --- [           main] pertySourcedRequestMappingHandlerMapping : Mapped URL path [/v2/api-docs] onto method [springfox.documentation.swagger2.web.Swagger2Controller#getDocumentation(String, HttpServletRequest)]
2022-06-09 12:00:33.829  INFO 178497 --- [           main] o.s.s.web.DefaultSecurityFilterChain     : Will secure any request with [org.springframework.security.web.session.DisableEncodeUrlFilter@5ed25612, org.springframework.security.web.context.request.async.WebAsyncManagerIntegrationFilter@451816fd, org.springframework.security.web.context.SecurityContextPersistenceFilter@6e2eead5, org.springframework.security.web.header.HeaderWriterFilter@67b560fe, org.springframework.security.web.authentication.logout.LogoutFilter@76828577, com.practice.config.Security.TokenAuthenticationTokenFilter@56e5c8fb, org.springframework.security.web.authentication.UsernamePasswordAuthenticationFilter@2bdb5e0f, org.springframework.security.web.authentication.ui.DefaultLoginPageGeneratingFilter@18e4551, org.springframework.security.web.authentication.ui.DefaultLogoutPageGeneratingFilter@45cd8607, org.springframework.security.web.savedrequest.RequestCacheAwareFilter@ca546a1, org.springframework.security.web.servletapi.SecurityContextHolderAwareRequestFilter@1187dc82, org.springframework.security.web.authentication.AnonymousAuthenticationFilter@9e33a6a, org.springframework.security.web.session.SessionManagementFilter@14ed7ddf, org.springframework.security.web.access.ExceptionTranslationFilter@4d4df0f4, org.springframework.security.web.access.intercept.FilterSecurityInterceptor@45f9d394]
2022-06-09 12:00:35.975  INFO 178497 --- [           main] d.s.w.p.DocumentationPluginsBootstrapper : Context refreshed
2022-06-09 12:00:36.036  INFO 178497 --- [           main] d.s.w.p.DocumentationPluginsBootstrapper : Found 1 custom documentation plugin(s)
2022-06-09 12:00:36.149  INFO 178497 --- [           main] s.d.s.w.s.ApiListingReferenceScanner     : Scanning for api listing references
2022-06-09 12:00:37.013  INFO 178497 --- [           main] com.practice.TestRedis                   : Started TestRedis in 18.917 seconds (JVM running for 22.399)
2022-06-09 12:00:39.534 ERROR 178497 --- [           main] com.practice.utils.RedisUtils            : Error in execution; nested exception is io.lettuce.core.RedisReadOnlyException: READONLY You can't write against a read only replica.
]]></system-out>
  </testcase>
</testsuite>